# JRE version: Java(TM) SE Runtime Environment (8.0_111-b14) (build 1.8.0_111-b14)
# Java VM: Java HotSpot(TM) Client VM (25.111-b14 mixed mode windows-x86 )
Heap:
 def new generation   total 78656K, used 40692K [0x06a00000, 0x0bf50000, 0x0bf50000)
  eden space 69952K,  58% used [0x06a00000, 0x091bd2b8, 0x0ae50000)
  from space 8704K,   0% used [0x0b6d0000, 0x0b6d0000, 0x0bf50000)
  to   space 8704K,   0% used [0x0ae50000, 0x0ae50000, 0x0b6d0000)
 tenured generation   total 174784K, used 174781K [0x0bf50000, 0x16a00000, 0x16a00000)
   the space 174784K,  99% used [0x0bf50000, 0x169ff6b0, 0x169ff800, 0x16a00000)
 Metaspace       used 19004K, capacity 19543K, committed 19968K, reserved 20864K
GC Heap History (10 events):
Event: 4806.724 GC heap after
Heap after GC invocations=176 (full 99):
 def new generation   total 78656K, used 41900K [0x06a00000, 0x0bf50000, 0x0bf50000)
  eden space 69952K,  59% used [0x06a00000, 0x092eb078, 0x0ae50000)
  from space 8704K,   0% used [0x0b6d0000, 0x0b6d0000, 0x0bf50000)
  to   space 8704K,   0% used [0x0ae50000, 0x0ae50000, 0x0b6d0000)
 tenured generation   total 174784K, used 174784K [0x0bf50000, 0x16a00000, 0x16a00000)
   the space 174784K, 100% used [0x0bf50000, 0x16a00000, 0x16a00000, 0x16a00000)
 Metaspace       used 19012K, capacity 19553K, committed 19968K, reserved 20864K
}
Event: 4900.000 GC heap before
{Heap before GC invocations=176 (full 99):
 def new generation   total 78656K, used 78655K [0x06a00000, 0x0bf50000, 0x0bf50000)
  eden space 69952K, 100% used [0x06a00000, 0x0ae50000, 0x0ae50000)
  from space 8704K,  99% used [0x0b6d0000, 0x0bf4ffe0, 0x0bf50000)
  to   space 8704K,   0% used [0x0ae50000, 0x0ae50000, 0x0b6d0000)
 tenured generation   total 174784K, used 174784K [0x0bf50000, 0x16a00000, 0x16a00000)
   the space 174784K, 100% used [0x0bf50000, 0x16a00000, 0x16a00000, 0x16a00000)
 Metaspace       used 19012K, capacity 19553K, committed 19968K, reserved 20864K
Event: 4900.098 GC heap after
Heap after GC invocations=177 (full 100):
 def new generation   total 78656K, used 41608K [0x06a00000, 0x0bf50000, 0x0bf50000)
  eden space 69952K,  59% used [0x06a00000, 0x092a2080, 0x0ae50000)
  from space 8704K,   0% used [0x0b6d0000, 0x0b6d0000, 0x0bf50000)
  to   space 8704K,   0% used [0x0ae50000, 0x0ae50000, 0x0b6d0000)
 tenured generation   total 174784K, used 174757K [0x0bf50000, 0x16a00000, 0x16a00000)
   the space 174784K,  99% used [0x0bf50000, 0x169f9790, 0x169f9800, 0x16a00000)
 Metaspace       used 19012K, capacity 19553K, committed 19968K, reserved 20864K
}
Event: 4984.030 GC heap before
{Heap before GC invocations=177 (full 100):
 def new generation   total 78656K, used 77716K [0x06a00000, 0x0bf50000, 0x0bf50000)
  eden space 69952K, 100% used [0x06a00000, 0x0ae50000, 0x0ae50000)
  from space 8704K,  89% used [0x0b6d0000, 0x0be65138, 0x0bf50000)
  to   space 8704K,   0% used [0x0ae50000, 0x0ae50000, 0x0b6d0000)
 tenured generation   total 174784K, used 174757K [0x0bf50000, 0x16a00000, 0x16a00000)
   the space 174784K,  99% used [0x0bf50000, 0x169f9790, 0x169f9800, 0x16a00000)
 Metaspace       used 19012K, capacity 19553K, committed 19968K, reserved 20864K
Event: 4984.060 GC heap after
Heap after GC invocations=178 (full 101):
 def new generation   total 78656K, used 41789K [0x06a00000, 0x0bf50000, 0x0bf50000)
  eden space 69952K,  59% used [0x06a00000, 0x092cf7c0, 0x0ae50000)
  from space 8704K,   0% used [0x0b6d0000, 0x0b6d0000, 0x0bf50000)
  to   space 8704K,   0% used [0x0ae50000, 0x0ae50000, 0x0b6d0000)
 tenured generation   total 174784K, used 174757K [0x0bf50000, 0x16a00000, 0x16a00000)
   the space 174784K,  99% used [0x0bf50000, 0x169f9790, 0x169f9800, 0x16a00000)
 Metaspace       used 18996K, capacity 19533K, committed 19968K, reserved 20864K
}
Event: 4984.063 GC heap before
{Heap before GC invocations=178 (full 101):
 def new generation   total 78656K, used 46185K [0x06a00000, 0x0bf50000, 0x0bf50000)
  eden space 69952K,  66% used [0x06a00000, 0x0971a430, 0x0ae50000)
  from space 8704K,   0% used [0x0b6d0000, 0x0b6d0000, 0x0bf50000)
  to   space 8704K,   0% used [0x0ae50000, 0x0ae50000, 0x0b6d0000)
 tenured generation   total 174784K, used 174757K [0x0bf50000, 0x16a00000, 0x16a00000)
   the space 174784K,  99% used [0x0bf50000, 0x169f9790, 0x169f9800, 0x16a00000)
 Metaspace       used 18996K, capacity 19533K, committed 19968K, reserved 20864K
Event: 4984.087 GC heap after
Heap after GC invocations=179 (full 102):
 def new generation   total 78656K, used 41495K [0x06a00000, 0x0bf50000, 0x0bf50000)
  eden space 69952K,  59% used [0x06a00000, 0x09285f38, 0x0ae50000)
  from space 8704K,   0% used [0x0b6d0000, 0x0b6d0000, 0x0bf50000)
  to   space 8704K,   0% used [0x0ae50000, 0x0ae50000, 0x0b6d0000)
 tenured generation   total 174784K, used 174757K [0x0bf50000, 0x16a00000, 0x16a00000)
   the space 174784K,  99% used [0x0bf50000, 0x169f9790, 0x169f9800, 0x16a00000)
 Metaspace       used 18996K, capacity 19533K, committed 19968K, reserved 20864K
}
Event: 4984.088 GC heap before
{Heap before GC invocations=179 (full 102):
 def new generation   total 78656K, used 41996K [0x06a00000, 0x0bf50000, 0x0bf50000)
  eden space 69952K,  60% used [0x06a00000, 0x09303348, 0x0ae50000)
  from space 8704K,   0% used [0x0b6d0000, 0x0b6d0000, 0x0bf50000)
  to   space 8704K,   0% used [0x0ae50000, 0x0ae50000, 0x0b6d0000)
 tenured generation   total 174784K, used 174757K [0x0bf50000, 0x16a00000, 0x16a00000)
   the space 174784K,  99% used [0x0bf50000, 0x169f9790, 0x169f9800, 0x16a00000)
 Metaspace       used 18996K, capacity 19533K, committed 19968K, reserved 20864K
Event: 4984.111 GC heap after
Heap after GC invocations=180 (full 103):
 def new generation   total 78656K, used 41494K [0x06a00000, 0x0bf50000, 0x0bf50000)
  eden space 69952K,  59% used [0x06a00000, 0x09285b30, 0x0ae50000)
  from space 8704K,   0% used [0x0b6d0000, 0x0b6d0000, 0x0bf50000)
  to   space 8704K,   0% used [0x0ae50000, 0x0ae50000, 0x0b6d0000)
 tenured generation   total 174784K, used 174757K [0x0bf50000, 0x16a00000, 0x16a00000)
   the space 174784K,  99% used [0x0bf50000, 0x169f9790, 0x169f9800, 0x16a00000)
 Metaspace       used 18996K, capacity 19533K, committed 19968K, reserved 20864K
}
Event: 5663.562 GC heap before
{Heap before GC invocations=180 (full 103):
 def new generation   total 78656K, used 77673K [0x06a00000, 0x0bf50000, 0x0bf50000)
  eden space 69952K, 100% used [0x06a00000, 0x0ae50000, 0x0ae50000)
  from space 8704K,  88% used [0x0b6d0000, 0x0be5a758, 0x0bf50000)
  to   space 8704K,   0% used [0x0ae50000, 0x0ae50000, 0x0b6d0000)
 tenured generation   total 174784K, used 174757K [0x0bf50000, 0x16a00000, 0x16a00000)
   the space 174784K,  99% used [0x0bf50000, 0x169f9790, 0x169f9800, 0x16a00000)
 Metaspace       used 19004K, capacity 19543K, committed 19968K, reserved 20864K

